<?xml version="1.0" encoding="utf-8"?><testsuites name="pytest tests"><testsuite name="pytest" errors="0" failures="0" skipped="0" tests="59" time="11.465" timestamp="2026-08-25T16:01:28.098635+00:00" hostname="agent-env-ecfc9968-9b91-4df0-8aa4-1602465fdedf"><testcase classname="tests.test_logo_light.TestLogoLightLifecycle" name="test_00_clean_state" time="0.989" /><testcase classname="tests.test_logo_scale.TestLogoScaleBounds" name="test_default_present" time="0.924" /><testcase classname="tests.test_logo_scale.TestLogoScaleBounds" name="test_accepts_valid_scales[0.5]" time="0.262" /><testcase classname="tests.test_logo_light.TestLogoLightLifecycle" name="test_01_upload_requires_auth" time="0.127" /><testcase classname="tests.test_logo_light.TestLogoLightLifecycle" name="test_02_upload_white_png" time="0.303" /><testcase classname="tests.test_logo_scale.TestLogoScaleBounds" name="test_accepts_valid_scales[1.5]" time="0.346" /><testcase classname="tests.test_logo_light.TestLogoLightLifecycle" name="test_03_slots_independent" time="0.591" /><testcase classname="tests.test_logo_scale.TestLogoScaleBounds" name="test_accepts_valid_scales[3.0]" time="0.378" /><testcase classname="tests.test_logo_scale.TestLogoScaleBounds" name="test_accepts_valid_scales[7.0]" time="0.305" /><testcase classname="tests.test_logo_light.TestLogoLightLifecycle" name="test_04_invalid_mime_rejected" time="0.084" /><testcase classname="tests.test_logo_light.TestLogoLightLifecycle" name="test_05_oversize_rejected" time="0.277" /><testcase classname="tests.test_logo_scale.TestLogoScaleBounds" name="test_rejects_out_of_range[7.5]" time="0.094" /><testcase classname="tests.test_logo_scale.TestLogoScaleBounds" name="test_rejects_out_of_range[8]" time="0.099" /><testcase classname="tests.test_logo_light.TestLogoLightLifecycle" name="test_06_delete_and_verify" time="0.257" /><testcase classname="tests.test_logo_scale.TestLogoScaleBounds" name="test_rejects_out_of_range[0.4]" time="0.128" /><testcase classname="tests.test_logo_scale.TestLogoScaleBounds" name="test_rejects_out_of_range[0]" time="0.095" /><testcase classname="tests.test_logo_light.TestLogoLightLifecycle" name="test_07_delete_idempotent" time="0.107" /><testcase classname="tests.test_logo_scale.TestLogoScaleBounds" name="test_rejects_out_of_range[-1]" time="0.165" /><testcase classname="tests.test_media_logo.TestLogoLifecycle" name="test_01_clean_state_404" time="0.315" /><testcase classname="tests.test_logo_scale.TestLogoScaleBounds" name="test_requires_auth" time="0.214" /><testcase classname="tests.test_media_logo.TestLogoLifecycle" name="test_02_upload_transparent_png" time="0.403" /><testcase classname="tests.test_logo_scale.TestLogoScaleBounds" name="test_restore" time="0.385" /><testcase classname="tests.test_media_logo.TestHealthAuth" name="test_health" time="0.083" /><testcase classname="tests.test_media_logo.TestLogoLifecycle" name="test_03_replace_with_jpeg" time="0.466" /><testcase classname="tests.test_media_logo.TestHealthAuth" name="test_login_success" time="0.384" /><testcase classname="tests.test_media_logo.TestHealthAuth" name="test_me_requires_token" time="0.102" /><testcase classname="tests.test_media_logo.TestLogoLifecycle" name="test_04_replace_back_to_png" time="0.234" /><testcase classname="tests.test_media_logo.TestHealthAuth" name="test_me_with_token" time="0.089" /><testcase classname="tests.test_media_logo.TestHealthAuth" name="test_bcrypt_hash_format" time="0.169" /><testcase classname="tests.test_media_logo.TestLogoLifecycle" name="test_05_delete_returns_to_default" time="0.288" /><testcase classname="tests.test_logo_light.TestStandardLogoAssets" name="test_png_served[/logo-standard.png]" time="0.300" /><testcase classname="tests.test_media_logo.TestLogoLifecycle" name="test_06_delete_idempotent" time="0.235" /><testcase classname="tests.test_logo_light.TestStandardLogoAssets" name="test_png_served[/logo-standard-light.png]" time="0.205" /><testcase classname="tests.test_logo_scale.TestStandardLogoAssets" name="test_png_served[/logo-standard.png]" time="0.151" /><testcase classname="tests.test_logo_light.TestStandardLogoAssets" name="test_png_served[/logo-compact.png]" time="0.206" /><testcase classname="tests.test_logo_scale.TestStandardLogoAssets" name="test_png_served[/logo-standard-light.png]" time="0.447" /><testcase classname="tests.test_logo_light.TestStandardLogoAssets" name="test_png_served[/logo-compact-light.png]" time="0.161" /><testcase classname="tests.test_media_logo.TestUploadValidation" name="test_txt_rejected_with_german_message" time="0.105" /><testcase classname="tests.test_media_logo.TestUploadValidation" name="test_empty_file_rejected" time="0.106" /><testcase classname="tests.test_logo_scale.TestStandardLogoAssets" name="test_png_served[/logo-compact.png]" time="0.203" /><testcase classname="tests.test_media_logo.TestUploadValidation" name="test_oversize_rejected" time="0.224" /><testcase classname="tests.test_logo_scale.TestStandardLogoAssets" name="test_png_served[/logo-compact-light.png]" time="0.179" /><testcase classname="tests.test_media_logo.TestUploadValidation" name="test_missing_file_field" time="0.223" /><testcase classname="tests.test_media_logo.TestLogoScale" name="test_get_site_settings" time="0.167" /><testcase classname="tests.test_media_logo.TestMediaAuthGuards" name="test_upload_requires_auth" time="0.135" /><testcase classname="tests.test_media_logo.TestLogoScale" name="test_update_and_persist_scale" time="0.673" /><testcase classname="tests.test_media_logo.TestMediaAuthGuards" name="test_delete_requires_auth" time="0.113" /><testcase classname="tests.test_media_logo.TestMediaAuthGuards" name="test_unknown_kind" time="0.226" /><testcase classname="tests.test_media_logo.TestOtherMediaKinds" name="test_share_image_fallback_redirect" time="0.091" /><testcase classname="tests.test_media_logo.TestOtherMediaKinds" name="test_favicon_fallback_redirect" time="0.115" /><testcase classname="tests.test_media_logo.TestOtherMediaKinds" name="test_unknown_media_kind" time="0.212" /><testcase classname="tests.test_media_logo.TestLogoScale" name="test_scale_out_of_range_rejected" time="0.176" /><testcase classname="tests.test_media_logo.TestBruteForceLockout" name="test_lockout_after_5_failures" time="1.397" /><testcase classname="tests.test_media_logo.TestLogoScale" name="test_scale_requires_auth" time="0.234" /><testcase classname="tests.test_logo_light.TestMediaInfo" name="test_info_contains_logo_light" time="0.075" /><testcase classname="tests.test_logo_light.TestContactRegression" name="test_contact_submit_and_cleanup" time="0.359" /><testcase classname="tests.test_logo_scale.TestMediaInfo" name="test_media_info_shape" time="0.161" /><testcase classname="tests.test_media_logo.TestBruteForceLockout" name="test_correct_password_also_blocked_while_locked" time="2.405" /><testcase classname="tests.test_media_logo.TestBruteForceLockout" name="test_real_admin_still_logs_in" time="0.438" /></testsuite></testsuites>