<?xml version="1.0" encoding="utf-8"?><testsuites name="pytest tests"><testsuite name="pytest" errors="0" failures="0" skipped="0" tests="28" time="5.866" timestamp="2026-08-24T18:36:45.156574+00:00" hostname="agent-env-ecfc9968-9b91-4df0-8aa4-1602465fdedf"><testcase classname="tests.test_media_logo.TestHealthAuth" name="test_health" time="0.778" /><testcase classname="tests.test_media_logo.TestLogoLifecycle" name="test_01_clean_state_404" time="1.125" /><testcase classname="tests.test_media_logo.TestHealthAuth" name="test_login_success" time="0.335" /><testcase classname="tests.test_media_logo.TestHealthAuth" name="test_me_requires_token" time="0.062" /><testcase classname="tests.test_media_logo.TestLogoLifecycle" name="test_02_upload_transparent_png" time="0.230" /><testcase classname="tests.test_media_logo.TestHealthAuth" name="test_me_with_token" time="0.207" /><testcase classname="tests.test_media_logo.TestLogoLifecycle" name="test_03_replace_with_jpeg" time="0.173" /><testcase classname="tests.test_media_logo.TestHealthAuth" name="test_bcrypt_hash_format" time="0.195" /><testcase classname="tests.test_media_logo.TestLogoLifecycle" name="test_04_replace_back_to_png" time="0.175" /><testcase classname="tests.test_media_logo.TestUploadValidation" name="test_txt_rejected_with_german_message" time="0.120" /><testcase classname="tests.test_media_logo.TestUploadValidation" name="test_empty_file_rejected" time="0.067" /><testcase classname="tests.test_media_logo.TestLogoLifecycle" name="test_05_delete_returns_to_default" time="0.251" /><testcase classname="tests.test_media_logo.TestUploadValidation" name="test_oversize_rejected" time="0.225" /><testcase classname="tests.test_media_logo.TestLogoLifecycle" name="test_06_delete_idempotent" time="0.159" /><testcase classname="tests.test_media_logo.TestUploadValidation" name="test_missing_file_field" time="0.179" /><testcase classname="tests.test_media_logo.TestLogoScale" name="test_get_site_settings" time="0.056" /><testcase classname="tests.test_media_logo.TestLogoScale" name="test_update_and_persist_scale" time="0.356" /><testcase classname="tests.test_media_logo.TestMediaAuthGuards" name="test_upload_requires_auth" time="0.080" /><testcase classname="tests.test_media_logo.TestMediaAuthGuards" name="test_delete_requires_auth" time="0.105" /><testcase classname="tests.test_media_logo.TestMediaAuthGuards" name="test_unknown_kind" time="0.231" /><testcase classname="tests.test_media_logo.TestLogoScale" name="test_scale_out_of_range_rejected" time="0.148" /><testcase classname="tests.test_media_logo.TestOtherMediaKinds" name="test_share_image_fallback_redirect" time="0.075" /><testcase classname="tests.test_media_logo.TestOtherMediaKinds" name="test_favicon_fallback_redirect" time="0.053" /><testcase classname="tests.test_media_logo.TestLogoScale" name="test_scale_requires_auth" time="0.157" /><testcase classname="tests.test_media_logo.TestOtherMediaKinds" name="test_unknown_media_kind" time="0.135" /><testcase classname="tests.test_media_logo.TestBruteForceLockout" name="test_lockout_after_5_failures" time="0.850" /><testcase classname="tests.test_media_logo.TestBruteForceLockout" name="test_correct_password_also_blocked_while_locked" time="1.167" /><testcase classname="tests.test_media_logo.TestBruteForceLockout" name="test_real_admin_still_logs_in" time="0.336" /></testsuite></testsuites>